<?xml version="1.0" encoding="UTF-8"?>
<testsuite xmlns:xsi="http://www.w3.org/2001/XMLSchema-instance" xsi:noNamespaceSchemaLocation="https://maven.apache.org/surefire/maven-failsafe-plugin/xsd/failsafe-test-report.xsd" name="Parallel02IT" time="21.114" tests="4" errors="0" skipped="0" failures="0">
  <properties>
[...]
</properties>
  <testcase name="Given Automation practice account  signup page with url &quot;http://automationpractice.com/&quot;,&quot;chrome&quot;" classname="| http://automationpractice.com/ | chrome |" time="0"/>
  <testcase name="When Page successfuly opens" classname="| http://automationpractice.com/ | chrome |" time="0"/>
  <testcase name="Then user inputs invalid email information" classname="| http://automationpractice.com/ | chrome |" time="0"/>
  <testcase name="| http://automationpractice.com/ | chrome |" classname="| http://automationpractice.com/ | chrome |" time="0"/>
</testsuite>